<?xml version="1.0" encoding="UTF-8"?>
<testsuite name="net.javaservice.diplomaservice.DiplomaServiceApplicationTests" tests="1" skipped="0" failures="0" errors="0" timestamp="2023-05-02T08:36:06" hostname="Mac-mini-dunice-4.local" time="0.061">
  <properties/>
  <testcase name="contextLoads()" classname="net.javaservice.diplomaservice.DiplomaServiceApplicationTests" time="0.061"/>
  <system-out><![CDATA[11:36:04.128 [Test worker] DEBUG org.springframework.boot.test.context.SpringBootTestContextBootstrapper -- Neither @ContextConfiguration nor @ContextHierarchy found for test class [DiplomaServiceApplicationTests]: using SpringBootContextLoader
11:36:04.131 [Test worker] DEBUG org.springframework.test.context.support.AbstractContextLoader -- Could not detect default resource locations for test class [net.javaservice.diplomaservice.DiplomaServiceApplicationTests]: no resource found for suffixes {-context.xml, Context.groovy}.
11:36:04.131 [Test worker] INFO org.springframework.test.context.support.AnnotationConfigContextLoaderUtils -- Could not detect default configuration classes for test class [net.javaservice.diplomaservice.DiplomaServiceApplicationTests]: DiplomaServiceApplicationTests does not declare any static, non-private, non-final, nested classes annotated with @Configuration.
11:36:04.141 [Test worker] DEBUG org.springframework.boot.test.context.SpringBootTestContextBootstrapper -- Using ContextCustomizers for test class [DiplomaServiceApplicationTests]: [DisableObservabilityContextCustomizer, PropertyMappingContextCustomizer, Customizer, ExcludeFilterContextCustomizer, DuplicateJsonObjectContextCustomizer, MockitoContextCustomizer, TestRestTemplateContextCustomizer]
11:36:04.179 [Test worker] DEBUG org.springframework.context.annotation.ClassPathScanningCandidateComponentProvider -- Identified candidate component class: file [/Users/aleksandrkurys/Documents/GitHub/Server/build/classes/java/main/net/javaservice/diplomaservice/DiplomaServiceApplication.class]
11:36:04.180 [Test worker] INFO org.springframework.boot.test.context.SpringBootTestContextBootstrapper -- Found @SpringBootConfiguration net.javaservice.diplomaservice.DiplomaServiceApplication for test class net.javaservice.diplomaservice.DiplomaServiceApplicationTests
11:36:04.214 [Test worker] DEBUG org.springframework.boot.test.context.SpringBootTestContextBootstrapper -- Using TestExecutionListeners for test class [DiplomaServiceApplicationTests]: [ServletTestExecutionListener, DirtiesContextBeforeModesTestExecutionListener, ApplicationEventsTestExecutionListener, MockitoTestExecutionListener, DependencyInjectionTestExecutionListener, DirtiesContextTestExecutionListener, TransactionalTestExecutionListener, SqlScriptsTestExecutionListener, EventPublishingTestExecutionListener, RestDocsTestExecutionListener, MockRestServiceServerResetTestExecutionListener, MockMvcPrintOnlyOnFailureTestExecutionListener, WebDriverTestExecutionListener, MockWebServiceServerTestExecutionListener, ResetMocksTestExecutionListener]
11:36:04.215 [Test worker] DEBUG org.springframework.test.context.support.AbstractDirtiesContextTestExecutionListener -- Before test class: class [DiplomaServiceApplicationTests], class annotated with @DirtiesContext [false] with mode [null]

  .   ____          _            __ _ _
 /\\ / ___'_ __ _ _(_)_ __  __ _ \ \ \ \
( ( )\___ | '_ | '_| | '_ \/ _` | \ \ \ \
 \\/  ___)| |_)| | | | | || (_| |  ) ) ) )
  '  |____| .__|_| |_|_| |_\__, | / / / /
 =========|_|==============|___/=/_/_/_/
 :: Spring Boot ::                (v3.0.5)

2023-05-02T11:36:04.332+03:00  INFO 6572 --- [    Test worker] n.j.d.DiplomaServiceApplicationTests     : Starting DiplomaServiceApplicationTests using Java 17.0.6 with PID 6572 (started by aleksandrkurys in /Users/aleksandrkurys/Documents/GitHub/Server)
2023-05-02T11:36:04.333+03:00  INFO 6572 --- [    Test worker] n.j.d.DiplomaServiceApplicationTests     : No active profile set, falling back to 1 default profile: "default"
2023-05-02T11:36:04.606+03:00  INFO 6572 --- [    Test worker] .s.d.r.c.RepositoryConfigurationDelegate : Bootstrapping Spring Data JPA repositories in DEFAULT mode.
2023-05-02T11:36:04.633+03:00  INFO 6572 --- [    Test worker] .s.d.r.c.RepositoryConfigurationDelegate : Finished Spring Data repository scanning in 24 ms. Found 4 JPA repository interfaces.
2023-05-02T11:36:04.839+03:00  INFO 6572 --- [    Test worker] com.zaxxer.hikari.HikariDataSource       : HikariPool-1 - Starting...
2023-05-02T11:36:05.067+03:00  INFO 6572 --- [    Test worker] com.zaxxer.hikari.pool.HikariPool        : HikariPool-1 - Added connection com.mysql.cj.jdbc.ConnectionImpl@642c6461
2023-05-02T11:36:05.068+03:00  INFO 6572 --- [    Test worker] com.zaxxer.hikari.HikariDataSource       : HikariPool-1 - Start completed.
2023-05-02T11:36:05.199+03:00  INFO 6572 --- [    Test worker] liquibase.lockservice                    : Successfully acquired change log lock
2023-05-02T11:36:05.287+03:00  INFO 6572 --- [    Test worker] liquibase.changelog                      : Reading from diplomaServer.DATABASECHANGELOG
2023-05-02T11:36:05.336+03:00  INFO 6572 --- [    Test worker] liquibase.lockservice                    : Successfully released change log lock
2023-05-02T11:36:05.373+03:00  INFO 6572 --- [    Test worker] o.hibernate.jpa.internal.util.LogHelper  : HHH000204: Processing PersistenceUnitInfo [name: default]
2023-05-02T11:36:05.391+03:00  INFO 6572 --- [    Test worker] org.hibernate.Version                    : HHH000412: Hibernate ORM core version 6.1.7.Final
2023-05-02T11:36:05.506+03:00  INFO 6572 --- [    Test worker] SQL dialect                              : HHH000400: Using dialect: org.hibernate.dialect.MySQL57Dialect
2023-05-02T11:36:05.506+03:00  WARN 6572 --- [    Test worker] org.hibernate.orm.deprecation            : HHH90000026: MySQL57Dialect has been deprecated; use org.hibernate.dialect.MySQLDialect instead
2023-05-02T11:36:05.901+03:00  INFO 6572 --- [    Test worker] o.h.e.t.j.p.i.JtaPlatformInitiator       : HHH000490: Using JtaPlatform implementation: [org.hibernate.engine.transaction.jta.platform.internal.NoJtaPlatform]
2023-05-02T11:36:05.905+03:00  INFO 6572 --- [    Test worker] j.LocalContainerEntityManagerFactoryBean : Initialized JPA EntityManagerFactory for persistence unit 'default'
2023-05-02T11:36:06.217+03:00  WARN 6572 --- [    Test worker] JpaBaseConfiguration$JpaWebConfiguration : spring.jpa.open-in-view is enabled by default. Therefore, database queries may be performed during view rendering. Explicitly configure spring.jpa.open-in-view to disable this warning
2023-05-02T11:36:06.410+03:00  INFO 6572 --- [    Test worker] o.s.s.web.DefaultSecurityFilterChain     : Will secure any request with [org.springframework.security.web.session.DisableEncodeUrlFilter@2291fb1, org.springframework.security.web.context.request.async.WebAsyncManagerIntegrationFilter@213f2d00, org.springframework.security.web.context.SecurityContextHolderFilter@43d00636, org.springframework.security.web.header.HeaderWriterFilter@68fd0fba, org.springframework.security.web.authentication.logout.LogoutFilter@dab0a6c, net.javaservice.diplomaservice.configuration.JwtAuthenticationFilter@7d7888a5, org.springframework.security.web.savedrequest.RequestCacheAwareFilter@2a01c55, org.springframework.security.web.servletapi.SecurityContextHolderAwareRequestFilter@7eeabaf3, org.springframework.security.web.authentication.AnonymousAuthenticationFilter@2aaf7354, org.springframework.security.web.session.SessionManagementFilter@62036b05, org.springframework.security.web.access.ExceptionTranslationFilter@349e166, org.springframework.security.web.access.intercept.AuthorizationFilter@57ce8f63]
2023-05-02T11:36:06.508+03:00  WARN 6572 --- [    Test worker] ion$DefaultTemplateResolverConfiguration : Cannot find template location: classpath:/templates/ (please add some templates, check your Thymeleaf configuration, or set spring.thymeleaf.check-template-location=false)
2023-05-02T11:36:06.578+03:00  INFO 6572 --- [    Test worker] n.j.d.DiplomaServiceApplicationTests     : Started DiplomaServiceApplicationTests in 2.344 seconds (process running for 2.806)
]]></system-out>
  <system-err><![CDATA[]]></system-err>
</testsuite>
